2002.09.17 16:38 B D:\Program Files\Apache Tomcat 4.0\webapps\cocoon\docs\samples\slides_adadiscr\slides_fichiers\filelist.xml --> claree.univ-lille1.fr /home/calciu/MyBackups/tomcat0902/webapps/cocoon/docs/samples/slides_adadiscr/slides_fichiers filelist.xml
2002.09.17 16:38 B D:\Program Files\Apache Tomcat 4.0\webapps\cocoon\docs\samples\slides_adadiscr\slides_fichiers\header.htm --> claree.univ-lille1.fr /home/calciu/MyBackups/tomcat0902/webapps/cocoon/docs/samples/slides_adadiscr/slides_fichiers header.htm
2002.09.17 16:38 B D:\Program Files\Apache Tomcat 4.0\webapps\cocoon\docs\samples\slides_adadiscr\slides_fichiers\image001.wmz --> claree.univ-lille1.fr /home/calciu/MyBackups/tomcat0902/webapps/cocoon/docs/samples/slides_adadiscr/slides_fichiers image001.wmz
2002.09.17 16:38 B D:\Program Files\Apache Tomcat 4.0\webapps\cocoon\docs\samples\slides_adadiscr\slides_fichiers\image002.gif --> claree.univ-lille1.fr /home/calciu/MyBackups/tomcat0902/webapps/cocoon/docs/samples/slides_adadiscr/slides_fichiers image002.gif
2002.09.17 16:38 B D:\Program Files\Apache Tomcat 4.0\webapps\cocoon\docs\samples\slides_adadiscr\slides_fichiers\image003.wmz --> claree.univ-lille1.fr /home/calciu/MyBackups/tomcat0902/webapps/cocoon/docs/samples/slides_adadiscr/slides_fichiers image003.wmz
2002.09.17 16:38 B D:\Program Files\Apache Tomcat 4.0\webapps\cocoon\docs\samples\slides_adadiscr\slides_fichiers\image004.gif --> claree.univ-lille1.fr /home/calciu/MyBackups/tomcat0902/webapps/cocoon/docs/samples/slides_adadiscr/slides_fichiers image004.gif
2002.09.17 16:38 B D:\Program Files\Apache Tomcat 4.0\webapps\cocoon\docs\samples\slides_adadiscr\slides_fichiers\image005.wmz --> claree.univ-lille1.fr /home/calciu/MyBackups/tomcat0902/webapps/cocoon/docs/samples/slides_adadiscr/slides_fichiers image005.wmz
2002.09.17 16:38 B D:\Program Files\Apache Tomcat 4.0\webapps\cocoon\docs\samples\slides_adadiscr\slides_fichiers\image006.gif --> claree.univ-lille1.fr /home/calciu/MyBackups/tomcat0902/webapps/cocoon/docs/samples/slides_adadiscr/slides_fichiers image006.gif
2002.09.17 16:38 B D:\Program Files\Apache Tomcat 4.0\webapps\cocoon\docs\samples\slides_adadiscr\slides_fichiers\image007.wmz --> claree.univ-lille1.fr /home/calciu/MyBackups/tomcat0902/webapps/cocoon/docs/samples/slides_adadiscr/slides_fichiers image007.wmz
2002.09.17 16:38 B D:\Program Files\Apache Tomcat 4.0\webapps\cocoon\docs\samples\slides_adadiscr\slides_fichiers\image008.gif --> claree.univ-lille1.fr /home/calciu/MyBackups/tomcat0902/webapps/cocoon/docs/samples/slides_adadiscr/slides_fichiers image008.gif
2002.09.17 16:38 B D:\Program Files\Apache Tomcat 4.0\webapps\cocoon\docs\samples\slides_adadiscr\slides_fichiers\image009.wmz --> claree.univ-lille1.fr /home/calciu/MyBackups/tomcat0902/webapps/cocoon/docs/samples/slides_adadiscr/slides_fichiers image009.wmz
2002.09.17 16:38 B D:\Program Files\Apache Tomcat 4.0\webapps\cocoon\docs\samples\slides_adadiscr\slides_fichiers\image010.gif --> claree.univ-lille1.fr /home/calciu/MyBackups/tomcat0902/webapps/cocoon/docs/samples/slides_adadiscr/slides_fichiers image010.gif
2002.09.17 16:38 B D:\Program Files\Apache Tomcat 4.0\webapps\cocoon\docs\samples\slides_adadiscr\slides_fichiers\image011.wmz --> claree.univ-lille1.fr /home/calciu/MyBackups/tomcat0902/webapps/cocoon/docs/samples/slides_adadiscr/slides_fichiers image011.wmz
2002.09.17 16:38 B D:\Program Files\Apache Tomcat 4.0\webapps\cocoon\docs\samples\slides_adadiscr\slides_fichiers\image012.gif --> claree.univ-lille1.fr /home/calciu/MyBackups/tomcat0902/webapps/cocoon/docs/samples/slides_adadiscr/slides_fichiers image012.gif
2002.09.17 16:38 B D:\Program Files\Apache Tomcat 4.0\webapps\cocoon\docs\samples\slides_adadiscr\slides_fichiers\image013.wmz --> claree.univ-lille1.fr /home/calciu/MyBackups/tomcat0902/webapps/cocoon/docs/samples/slides_adadiscr/slides_fichiers image013.wmz
2002.09.17 16:38 B D:\Program Files\Apache Tomcat 4.0\webapps\cocoon\docs\samples\slides_adadiscr\slides_fichiers\image014.gif --> claree.univ-lille1.fr /home/calciu/MyBackups/tomcat0902/webapps/cocoon/docs/samples/slides_adadiscr/slides_fichiers image014.gif
2002.09.17 16:38 B D:\Program Files\Apache Tomcat 4.0\webapps\cocoon\docs\samples\slides_adadiscr\slides_fichiers\image015.wmz --> claree.univ-lille1.fr /home/calciu/MyBackups/tomcat0902/webapps/cocoon/docs/samples/slides_adadiscr/slides_fichiers image015.wmz
2002.09.17 16:38 B D:\Program Files\Apache Tomcat 4.0\webapps\cocoon\docs\samples\slides_adadiscr\slides_fichiers\image016.gif --> claree.univ-lille1.fr /home/calciu/MyBackups/tomcat0902/webapps/cocoon/docs/samples/slides_adadiscr/slides_fichiers image016.gif
2002.09.17 16:38 B D:\Program Files\Apache Tomcat 4.0\webapps\cocoon\docs\samples\slides_adadiscr\slides_fichiers\image017.wmz --> claree.univ-lille1.fr /home/calciu/MyBackups/tomcat0902/webapps/cocoon/docs/samples/slides_adadiscr/slides_fichiers image017.wmz
2002.09.17 16:38 B D:\Program Files\Apache Tomcat 4.0\webapps\cocoon\docs\samples\slides_adadiscr\slides_fichiers\image018.gif --> claree.univ-lille1.fr /home/calciu/MyBackups/tomcat0902/webapps/cocoon/docs/samples/slides_adadiscr/slides_fichiers image018.gif
2002.09.17 16:38 B D:\Program Files\Apache Tomcat 4.0\webapps\cocoon\docs\samples\slides_adadiscr\slides_fichiers\image019.wmz --> claree.univ-lille1.fr /home/calciu/MyBackups/tomcat0902/webapps/cocoon/docs/samples/slides_adadiscr/slides_fichiers image019.wmz
2002.09.17 16:38 B D:\Program Files\Apache Tomcat 4.0\webapps\cocoon\docs\samples\slides_adadiscr\slides_fichiers\image020.gif --> claree.univ-lille1.fr /home/calciu/MyBackups/tomcat0902/webapps/cocoon/docs/samples/slides_adadiscr/slides_fichiers image020.gif
2002.09.17 16:38 B D:\Program Files\Apache Tomcat 4.0\webapps\cocoon\docs\samples\slides_adadiscr\slides_fichiers\oledata.mso --> claree.univ-lille1.fr /home/calciu/MyBackups/tomcat0902/webapps/cocoon/docs/samples/slides_adadiscr/slides_fichiers oledata.mso
2003.02.07 11:01 B D:\Program Files\Apache Tomcat 4.0\webapps\cocoon\docs\samples\slides_adadiscr\slides_fichiers\filelist.xml --> claree.univ-lille1.fr /home/calciu/MyBackups/tomcat0902/webapps/cocoon/docs/samples/slides_adadiscr/slides_fichiers filelist.xml
2003.02.07 11:01 B D:\Program Files\Apache Tomcat 4.0\webapps\cocoon\docs\samples\slides_adadiscr\slides_fichiers\header.htm --> claree.univ-lille1.fr /home/calciu/MyBackups/tomcat0902/webapps/cocoon/docs/samples/slides_adadiscr/slides_fichiers header.htm
2003.02.07 11:01 B D:\Program Files\Apache Tomcat 4.0\webapps\cocoon\docs\samples\slides_adadiscr\slides_fichiers\image001.wmz --> claree.univ-lille1.fr /home/calciu/MyBackups/tomcat0902/webapps/cocoon/docs/samples/slides_adadiscr/slides_fichiers image001.wmz
2003.02.07 11:01 B D:\Program Files\Apache Tomcat 4.0\webapps\cocoon\docs\samples\slides_adadiscr\slides_fichiers\image002.gif --> claree.univ-lille1.fr /home/calciu/MyBackups/tomcat0902/webapps/cocoon/docs/samples/slides_adadiscr/slides_fichiers image002.gif
2003.02.07 11:01 B D:\Program Files\Apache Tomcat 4.0\webapps\cocoon\docs\samples\slides_adadiscr\slides_fichiers\image003.wmz --> claree.univ-lille1.fr /home/calciu/MyBackups/tomcat0902/webapps/cocoon/docs/samples/slides_adadiscr/slides_fichiers image003.wmz
2003.02.07 11:01 B D:\Program Files\Apache Tomcat 4.0\webapps\cocoon\docs\samples\slides_adadiscr\slides_fichiers\image004.gif --> claree.univ-lille1.fr /home/calciu/MyBackups/tomcat0902/webapps/cocoon/docs/samples/slides_adadiscr/slides_fichiers image004.gif
2003.02.07 11:01 B D:\Program Files\Apache Tomcat 4.0\webapps\cocoon\docs\samples\slides_adadiscr\slides_fichiers\image005.wmz --> claree.univ-lille1.fr /home/calciu/MyBackups/tomcat0902/webapps/cocoon/docs/samples/slides_adadiscr/slides_fichiers image005.wmz
2003.02.07 11:01 B D:\Program Files\Apache Tomcat 4.0\webapps\cocoon\docs\samples\slides_adadiscr\slides_fichiers\image006.gif --> claree.univ-lille1.fr /home/calciu/MyBackups/tomcat0902/webapps/cocoon/docs/samples/slides_adadiscr/slides_fichiers image006.gif
2003.02.07 11:01 B D:\Program Files\Apache Tomcat 4.0\webapps\cocoon\docs\samples\slides_adadiscr\slides_fichiers\image007.wmz --> claree.univ-lille1.fr /home/calciu/MyBackups/tomcat0902/webapps/cocoon/docs/samples/slides_adadiscr/slides_fichiers image007.wmz
2003.02.07 11:01 B D:\Program Files\Apache Tomcat 4.0\webapps\cocoon\docs\samples\slides_adadiscr\slides_fichiers\image008.gif --> claree.univ-lille1.fr /home/calciu/MyBackups/tomcat0902/webapps/cocoon/docs/samples/slides_adadiscr/slides_fichiers image008.gif
2003.02.07 11:01 B D:\Program Files\Apache Tomcat 4.0\webapps\cocoon\docs\samples\slides_adadiscr\slides_fichiers\image009.wmz --> claree.univ-lille1.fr /home/calciu/MyBackups/tomcat0902/webapps/cocoon/docs/samples/slides_adadiscr/slides_fichiers image009.wmz
2003.02.07 11:01 B D:\Program Files\Apache Tomcat 4.0\webapps\cocoon\docs\samples\slides_adadiscr\slides_fichiers\image010.gif --> claree.univ-lille1.fr /home/calciu/MyBackups/tomcat0902/webapps/cocoon/docs/samples/slides_adadiscr/slides_fichiers image010.gif
2003.02.07 11:01 B D:\Program Files\Apache Tomcat 4.0\webapps\cocoon\docs\samples\slides_adadiscr\slides_fichiers\image011.wmz --> claree.univ-lille1.fr /home/calciu/MyBackups/tomcat0902/webapps/cocoon/docs/samples/slides_adadiscr/slides_fichiers image011.wmz
2003.02.07 11:01 B D:\Program Files\Apache Tomcat 4.0\webapps\cocoon\docs\samples\slides_adadiscr\slides_fichiers\image012.gif --> claree.univ-lille1.fr /home/calciu/MyBackups/tomcat0902/webapps/cocoon/docs/samples/slides_adadiscr/slides_fichiers image012.gif
2003.02.07 11:01 B D:\Program Files\Apache Tomcat 4.0\webapps\cocoon\docs\samples\slides_adadiscr\slides_fichiers\image013.wmz --> claree.univ-lille1.fr /home/calciu/MyBackups/tomcat0902/webapps/cocoon/docs/samples/slides_adadiscr/slides_fichiers image013.wmz
2003.02.07 11:01 B D:\Program Files\Apache Tomcat 4.0\webapps\cocoon\docs\samples\slides_adadiscr\slides_fichiers\image014.gif --> claree.univ-lille1.fr /home/calciu/MyBackups/tomcat0902/webapps/cocoon/docs/samples/slides_adadiscr/slides_fichiers image014.gif
2003.02.07 11:01 B D:\Program Files\Apache Tomcat 4.0\webapps\cocoon\docs\samples\slides_adadiscr\slides_fichiers\image015.wmz --> claree.univ-lille1.fr /home/calciu/MyBackups/tomcat0902/webapps/cocoon/docs/samples/slides_adadiscr/slides_fichiers image015.wmz
2003.02.07 11:01 B D:\Program Files\Apache Tomcat 4.0\webapps\cocoon\docs\samples\slides_adadiscr\slides_fichiers\image016.gif --> claree.univ-lille1.fr /home/calciu/MyBackups/tomcat0902/webapps/cocoon/docs/samples/slides_adadiscr/slides_fichiers image016.gif
2003.02.07 11:01 B D:\Program Files\Apache Tomcat 4.0\webapps\cocoon\docs\samples\slides_adadiscr\slides_fichiers\image017.wmz --> claree.univ-lille1.fr /home/calciu/MyBackups/tomcat0902/webapps/cocoon/docs/samples/slides_adadiscr/slides_fichiers image017.wmz
2003.02.07 11:01 B D:\Program Files\Apache Tomcat 4.0\webapps\cocoon\docs\samples\slides_adadiscr\slides_fichiers\image018.gif --> claree.univ-lille1.fr /home/calciu/MyBackups/tomcat0902/webapps/cocoon/docs/samples/slides_adadiscr/slides_fichiers image018.gif
2003.02.07 11:01 B D:\Program Files\Apache Tomcat 4.0\webapps\cocoon\docs\samples\slides_adadiscr\slides_fichiers\oledata.mso --> claree.univ-lille1.fr /home/calciu/MyBackups/tomcat0902/webapps/cocoon/docs/samples/slides_adadiscr/slides_fichiers oledata.mso
2003.02.07 11:01 B D:\Program Files\Apache Tomcat 4.0\webapps\cocoon\docs\samples\slides_adadiscr\slides_fichiers\WS_FTP.LOG --> claree.univ-lille1.fr /home/calciu/MyBackups/tomcat0902/webapps/cocoon/docs/samples/slides_adadiscr/slides_fichiers WS_FTP.LOG
