2002.09.17 16:45 B D:\Program Files\Apache Tomcat 4.0\webapps\cocoon\resources\images\mc_slides\branch.gif --> claree.univ-lille1.fr /home/calciu/MyBackups/tomcat0902/webapps/cocoon/resources/images/mc_slides branch.gif
2002.09.17 16:45 B D:\Program Files\Apache Tomcat 4.0\webapps\cocoon\resources\images\mc_slides\frame_outline.bmp --> claree.univ-lille1.fr /home/calciu/MyBackups/tomcat0902/webapps/cocoon/resources/images/mc_slides frame_outline.bmp
2002.09.17 16:45 B D:\Program Files\Apache Tomcat 4.0\webapps\cocoon\resources\images\mc_slides\frame_outline.gif --> claree.univ-lille1.fr /home/calciu/MyBackups/tomcat0902/webapps/cocoon/resources/images/mc_slides frame_outline.gif
2002.09.17 16:45 B D:\Program Files\Apache Tomcat 4.0\webapps\cocoon\resources\images\mc_slides\frame_outline.jpg --> claree.univ-lille1.fr /home/calciu/MyBackups/tomcat0902/webapps/cocoon/resources/images/mc_slides frame_outline.jpg
2002.09.17 16:45 B D:\Program Files\Apache Tomcat 4.0\webapps\cocoon\resources\images\mc_slides\home.png --> claree.univ-lille1.fr /home/calciu/MyBackups/tomcat0902/webapps/cocoon/resources/images/mc_slides home.png
2002.09.17 16:45 B D:\Program Files\Apache Tomcat 4.0\webapps\cocoon\resources\images\mc_slides\leaf.gif --> claree.univ-lille1.fr /home/calciu/MyBackups/tomcat0902/webapps/cocoon/resources/images/mc_slides leaf.gif
2002.09.17 16:45 B D:\Program Files\Apache Tomcat 4.0\webapps\cocoon\resources\images\mc_slides\n.gif --> claree.univ-lille1.fr /home/calciu/MyBackups/tomcat0902/webapps/cocoon/resources/images/mc_slides n.gif
2002.09.17 16:45 B D:\Program Files\Apache Tomcat 4.0\webapps\cocoon\resources\images\mc_slides\next-section.png --> claree.univ-lille1.fr /home/calciu/MyBackups/tomcat0902/webapps/cocoon/resources/images/mc_slides next-section.png
2002.09.17 16:45 B D:\Program Files\Apache Tomcat 4.0\webapps\cocoon\resources\images\mc_slides\next.png --> claree.univ-lille1.fr /home/calciu/MyBackups/tomcat0902/webapps/cocoon/resources/images/mc_slides next.png
2002.09.17 16:45 B D:\Program Files\Apache Tomcat 4.0\webapps\cocoon\resources\images\mc_slides\NextArrow.gif --> claree.univ-lille1.fr /home/calciu/MyBackups/tomcat0902/webapps/cocoon/resources/images/mc_slides NextArrow.gif
2002.09.17 16:45 B D:\Program Files\Apache Tomcat 4.0\webapps\cocoon\resources\images\mc_slides\outline.gif --> claree.univ-lille1.fr /home/calciu/MyBackups/tomcat0902/webapps/cocoon/resources/images/mc_slides outline.gif
2002.09.17 16:45 B D:\Program Files\Apache Tomcat 4.0\webapps\cocoon\resources\images\mc_slides\pdf.gif --> claree.univ-lille1.fr /home/calciu/MyBackups/tomcat0902/webapps/cocoon/resources/images/mc_slides pdf.gif
2002.09.17 16:45 B D:\Program Files\Apache Tomcat 4.0\webapps\cocoon\resources\images\mc_slides\previous-section.png --> claree.univ-lille1.fr /home/calciu/MyBackups/tomcat0902/webapps/cocoon/resources/images/mc_slides previous-section.png
2002.09.17 16:45 B D:\Program Files\Apache Tomcat 4.0\webapps\cocoon\resources\images\mc_slides\previous.png --> claree.univ-lille1.fr /home/calciu/MyBackups/tomcat0902/webapps/cocoon/resources/images/mc_slides previous.png
2002.09.17 16:45 B D:\Program Files\Apache Tomcat 4.0\webapps\cocoon\resources\images\mc_slides\PreviousArrow.gif --> claree.univ-lille1.fr /home/calciu/MyBackups/tomcat0902/webapps/cocoon/resources/images/mc_slides PreviousArrow.gif
2002.09.17 16:45 B D:\Program Files\Apache Tomcat 4.0\webapps\cocoon\resources\images\mc_slides\root.gif --> claree.univ-lille1.fr /home/calciu/MyBackups/tomcat0902/webapps/cocoon/resources/images/mc_slides root.gif
2002.09.17 16:45 B D:\Program Files\Apache Tomcat 4.0\webapps\cocoon\resources\images\mc_slides\s.gif --> claree.univ-lille1.fr /home/calciu/MyBackups/tomcat0902/webapps/cocoon/resources/images/mc_slides s.gif
2002.09.17 16:45 B D:\Program Files\Apache Tomcat 4.0\webapps\cocoon\resources\images\mc_slides\scomelec.gif --> claree.univ-lille1.fr /home/calciu/MyBackups/tomcat0902/webapps/cocoon/resources/images/mc_slides scomelec.gif
2002.09.17 16:45 B D:\Program Files\Apache Tomcat 4.0\webapps\cocoon\resources\images\mc_slides\slides.gif --> claree.univ-lille1.fr /home/calciu/MyBackups/tomcat0902/webapps/cocoon/resources/images/mc_slides slides.gif
2002.09.17 16:45 B D:\Program Files\Apache Tomcat 4.0\webapps\cocoon\resources\images\mc_slides\structure.gif --> claree.univ-lille1.fr /home/calciu/MyBackups/tomcat0902/webapps/cocoon/resources/images/mc_slides structure.gif
2002.09.17 16:45 B D:\Program Files\Apache Tomcat 4.0\webapps\cocoon\resources\images\mc_slides\tree.gif --> claree.univ-lille1.fr /home/calciu/MyBackups/tomcat0902/webapps/cocoon/resources/images/mc_slides tree.gif
2002.09.17 16:45 B D:\Program Files\Apache Tomcat 4.0\webapps\cocoon\resources\images\mc_slides\WayUpArrow.gif --> claree.univ-lille1.fr /home/calciu/MyBackups/tomcat0902/webapps/cocoon/resources/images/mc_slides WayUpArrow.gif
2002.09.17 16:45 B D:\Program Files\Apache Tomcat 4.0\webapps\cocoon\resources\images\mc_slides\web.gif --> claree.univ-lille1.fr /home/calciu/MyBackups/tomcat0902/webapps/cocoon/resources/images/mc_slides web.gif
2003.02.07 11:00 B D:\Program Files\Apache Tomcat 4.0\webapps\cocoon\docs\samples\slides_adacp\images\mc_slides\branch.gif --> claree.univ-lille1.fr /home/calciu/MyBackups/tomcat0902/webapps/cocoon/docs/samples/slides_adacp/images/mc_slides branch.gif
2003.02.07 11:01 B D:\Program Files\Apache Tomcat 4.0\webapps\cocoon\docs\samples\slides_adacp\images\mc_slides\frame_outline.bmp --> claree.univ-lille1.fr /home/calciu/MyBackups/tomcat0902/webapps/cocoon/docs/samples/slides_adacp/images/mc_slides frame_outline.bmp
2003.02.07 11:01 B D:\Program Files\Apache Tomcat 4.0\webapps\cocoon\docs\samples\slides_adacp\images\mc_slides\frame_outline.gif --> claree.univ-lille1.fr /home/calciu/MyBackups/tomcat0902/webapps/cocoon/docs/samples/slides_adacp/images/mc_slides frame_outline.gif
2003.02.07 11:01 B D:\Program Files\Apache Tomcat 4.0\webapps\cocoon\docs\samples\slides_adacp\images\mc_slides\frame_outline.jpg --> claree.univ-lille1.fr /home/calciu/MyBackups/tomcat0902/webapps/cocoon/docs/samples/slides_adacp/images/mc_slides frame_outline.jpg
2003.02.07 11:01 B D:\Program Files\Apache Tomcat 4.0\webapps\cocoon\docs\samples\slides_adacp\images\mc_slides\home.png --> claree.univ-lille1.fr /home/calciu/MyBackups/tomcat0902/webapps/cocoon/docs/samples/slides_adacp/images/mc_slides home.png
2003.02.07 11:01 B D:\Program Files\Apache Tomcat 4.0\webapps\cocoon\docs\samples\slides_adacp\images\mc_slides\leaf.gif --> claree.univ-lille1.fr /home/calciu/MyBackups/tomcat0902/webapps/cocoon/docs/samples/slides_adacp/images/mc_slides leaf.gif
2003.02.07 11:01 B D:\Program Files\Apache Tomcat 4.0\webapps\cocoon\docs\samples\slides_adacp\images\mc_slides\n.gif --> claree.univ-lille1.fr /home/calciu/MyBackups/tomcat0902/webapps/cocoon/docs/samples/slides_adacp/images/mc_slides n.gif
2003.02.07 11:01 B D:\Program Files\Apache Tomcat 4.0\webapps\cocoon\docs\samples\slides_adacp\images\mc_slides\next-section.png --> claree.univ-lille1.fr /home/calciu/MyBackups/tomcat0902/webapps/cocoon/docs/samples/slides_adacp/images/mc_slides next-section.png
2003.02.07 11:01 B D:\Program Files\Apache Tomcat 4.0\webapps\cocoon\docs\samples\slides_adacp\images\mc_slides\next.png --> claree.univ-lille1.fr /home/calciu/MyBackups/tomcat0902/webapps/cocoon/docs/samples/slides_adacp/images/mc_slides next.png
2003.02.07 11:01 B D:\Program Files\Apache Tomcat 4.0\webapps\cocoon\docs\samples\slides_adacp\images\mc_slides\NextArrow.gif --> claree.univ-lille1.fr /home/calciu/MyBackups/tomcat0902/webapps/cocoon/docs/samples/slides_adacp/images/mc_slides NextArrow.gif
2003.02.07 11:01 B D:\Program Files\Apache Tomcat 4.0\webapps\cocoon\docs\samples\slides_adacp\images\mc_slides\outline.gif --> claree.univ-lille1.fr /home/calciu/MyBackups/tomcat0902/webapps/cocoon/docs/samples/slides_adacp/images/mc_slides outline.gif
2003.02.07 11:01 B D:\Program Files\Apache Tomcat 4.0\webapps\cocoon\docs\samples\slides_adacp\images\mc_slides\pdf.gif --> claree.univ-lille1.fr /home/calciu/MyBackups/tomcat0902/webapps/cocoon/docs/samples/slides_adacp/images/mc_slides pdf.gif
2003.02.07 11:01 B D:\Program Files\Apache Tomcat 4.0\webapps\cocoon\docs\samples\slides_adacp\images\mc_slides\previous-section.png --> claree.univ-lille1.fr /home/calciu/MyBackups/tomcat0902/webapps/cocoon/docs/samples/slides_adacp/images/mc_slides previous-section.png
2003.02.07 11:01 B D:\Program Files\Apache Tomcat 4.0\webapps\cocoon\docs\samples\slides_adacp\images\mc_slides\previous.png --> claree.univ-lille1.fr /home/calciu/MyBackups/tomcat0902/webapps/cocoon/docs/samples/slides_adacp/images/mc_slides previous.png
2003.02.07 11:01 B D:\Program Files\Apache Tomcat 4.0\webapps\cocoon\docs\samples\slides_adacp\images\mc_slides\PreviousArrow.gif --> claree.univ-lille1.fr /home/calciu/MyBackups/tomcat0902/webapps/cocoon/docs/samples/slides_adacp/images/mc_slides PreviousArrow.gif
2003.02.07 11:01 B D:\Program Files\Apache Tomcat 4.0\webapps\cocoon\docs\samples\slides_adacp\images\mc_slides\root.gif --> claree.univ-lille1.fr /home/calciu/MyBackups/tomcat0902/webapps/cocoon/docs/samples/slides_adacp/images/mc_slides root.gif
2003.02.07 11:01 B D:\Program Files\Apache Tomcat 4.0\webapps\cocoon\docs\samples\slides_adacp\images\mc_slides\s.gif --> claree.univ-lille1.fr /home/calciu/MyBackups/tomcat0902/webapps/cocoon/docs/samples/slides_adacp/images/mc_slides s.gif
2003.02.07 11:01 B D:\Program Files\Apache Tomcat 4.0\webapps\cocoon\docs\samples\slides_adacp\images\mc_slides\scomelec.gif --> claree.univ-lille1.fr /home/calciu/MyBackups/tomcat0902/webapps/cocoon/docs/samples/slides_adacp/images/mc_slides scomelec.gif
2003.02.07 11:01 B D:\Program Files\Apache Tomcat 4.0\webapps\cocoon\docs\samples\slides_adacp\images\mc_slides\slides.gif --> claree.univ-lille1.fr /home/calciu/MyBackups/tomcat0902/webapps/cocoon/docs/samples/slides_adacp/images/mc_slides slides.gif
2003.02.07 11:01 B D:\Program Files\Apache Tomcat 4.0\webapps\cocoon\docs\samples\slides_adacp\images\mc_slides\structure.gif --> claree.univ-lille1.fr /home/calciu/MyBackups/tomcat0902/webapps/cocoon/docs/samples/slides_adacp/images/mc_slides structure.gif
2003.02.07 11:01 B D:\Program Files\Apache Tomcat 4.0\webapps\cocoon\docs\samples\slides_adacp\images\mc_slides\tree.gif --> claree.univ-lille1.fr /home/calciu/MyBackups/tomcat0902/webapps/cocoon/docs/samples/slides_adacp/images/mc_slides tree.gif
2003.02.07 11:01 B D:\Program Files\Apache Tomcat 4.0\webapps\cocoon\docs\samples\slides_adacp\images\mc_slides\WayUpArrow.gif --> claree.univ-lille1.fr /home/calciu/MyBackups/tomcat0902/webapps/cocoon/docs/samples/slides_adacp/images/mc_slides WayUpArrow.gif
2003.02.07 11:01 B D:\Program Files\Apache Tomcat 4.0\webapps\cocoon\docs\samples\slides_adacp\images\mc_slides\web.gif --> claree.univ-lille1.fr /home/calciu/MyBackups/tomcat0902/webapps/cocoon/docs/samples/slides_adacp/images/mc_slides web.gif
2003.02.07 11:01 B D:\Program Files\Apache Tomcat 4.0\webapps\cocoon\docs\samples\slides_adacp\images\mc_slides\ws_ftp.log --> claree.univ-lille1.fr /home/calciu/MyBackups/tomcat0902/webapps/cocoon/docs/samples/slides_adacp/images/mc_slides ws_ftp.log
